[16-May-2024 23:48:40 UTC] PHP Warning:  Undefined array key "options" in /Users/devinelliot/Local Sites/mushie-demo-wp/app/public/wp-content/plugins/elementor-pro/modules/theme-builder/widgets/site-logo.php on line 194
[16-May-2024 23:48:40 UTC] PHP Warning:  Undefined array key "options" in /Users/devinelliot/Local Sites/mushie-demo-wp/app/public/wp-content/plugins/elementor-pro/modules/theme-builder/widgets/site-logo.php on line 194
[16-May-2024 23:48:41 UTC] PHP Warning:  Undefined array key "options" in /Users/devinelliot/Local Sites/mushie-demo-wp/app/public/wp-content/plugins/elementor-pro/modules/theme-builder/widgets/site-logo.php on line 194
[16-May-2024 23:48:41 UTC] PHP Warning:  Undefined array key "options" in /Users/devinelliot/Local Sites/mushie-demo-wp/app/public/wp-content/plugins/elementor-pro/modules/theme-builder/widgets/site-logo.php on line 194
[16-May-2024 23:50:56 UTC] PHP Warning:  Undefined array key "options" in /Users/devinelliot/Local Sites/mushie-demo-wp/app/public/wp-content/plugins/elementor-pro/modules/theme-builder/widgets/site-logo.php on line 194
[17-May-2024 00:01:15 UTC] PHP Warning:  Undefined array key "options" in /Users/devinelliot/Local Sites/mushie-demo-wp/app/public/wp-content/plugins/elementor-pro/modules/theme-builder/widgets/site-logo.php on line 194
[17-May-2024 00:21:04 UTC] PHP Warning:  Undefined array key "options" in /Users/devinelliot/Local Sites/mushie-demo-wp/app/public/wp-content/plugins/elementor-pro/modules/theme-builder/widgets/site-logo.php on line 194
[17-May-2024 00:21:37 UTC] PHP Warning:  Undefined array key "options" in /Users/devinelliot/Local Sites/mushie-demo-wp/app/public/wp-content/plugins/elementor-pro/modules/theme-builder/widgets/site-logo.php on line 194
[17-May-2024 00:21:43 UTC] PHP Warning:  Undefined array key "options" in /Users/devinelliot/Local Sites/mushie-demo-wp/app/public/wp-content/plugins/elementor-pro/modules/theme-builder/widgets/site-logo.php on line 194
[17-May-2024 06:35:55 UTC] PHP Fatal error:  'goto' to undefined label 'BDazT' in /Users/devinelliot/Local Sites/mushie-demo-wp/app/public/wp-content/plugins/my-custom-features/my-custom-features.php on line 11
[17-May-2024 06:37:11 UTC] PHP Fatal error:  'goto' to undefined label 'BDazT' in /Users/devinelliot/Local Sites/mushie-demo-wp/app/public/wp-content/plugins/my-custom-features/my-custom-features.php on line 11
[17-May-2024 06:37:28 UTC] PHP Fatal error:  'goto' to undefined label 'BDazT' in /Users/devinelliot/Local Sites/mushie-demo-wp/app/public/wp-content/plugins/my-custom-features/my-custom-features.php on line 11
[17-May-2024 07:01:19 UTC] PHP Warning:  curl_error() expects parameter 1 to be resource, null given in /Users/devinelliot/Local Sites/mushie-demo-wp/app/public/wp-content/plugins/my-custom-features/my-custom-features.php on line 89
[17-May-2024 07:01:19 UTC] PHP Warning:  curl_errno() expects parameter 1 to be resource, null given in /Users/devinelliot/Local Sites/mushie-demo-wp/app/public/wp-content/plugins/my-custom-features/my-custom-features.php on line 89
[17-May-2024 07:10:01 UTC] PHP Warning:  mysqli_query(): (08S01/1053): Server shutdown in progress in /Users/devinelliot/Local Sites/mushie-demo-wp/app/public/wp-includes/class-wpdb.php on line 2349
[17-May-2024 07:10:01 UTC] WordPress database error Server shutdown in progress for query SHOW FULL COLUMNS FROM `wp_options` made by require_once('wp-load.php'), require_once('wp-config.php'), require_once('wp-settings.php'), include_once('/plugins/elementor-pro/elementor-pro.php'), update_option
[17-May-2024 09:14:27 UTC] PHP Fatal error:  Cannot redeclare create_custom_feature_page() (previously declared in /Users/devinelliot/Local Sites/mushie-demo-wp/app/public/wp-content/plugins/custom-payment-gateway/custom-payment-gateway.php:61) in /Users/devinelliot/Local Sites/mushie-demo-wp/app/public/wp-content/plugins/my-custom-features/my-custom-features.php on line 24
[07-Jun-2024 17:30:48 UTC] API Response: {"errorName":"headerIsMissing","message":"Accept header is missing"}
[07-Jun-2024 17:36:45 UTC] API Response: {"errorName":"bodyDoesNotMatchSchema","message":"The json body provided does not match the expected schema","validationErrors":[{"errorName":"fieldHasInvalidValue","message":"Card expiry date must not be in the past","jsonPath":"$.cardExpiryDate"},{"errorName":"fieldHasInvalidValue","message":"Card number must be numeric","jsonPath":"$.cardNumber"}]}
[07-Jun-2024 17:50:44 UTC] Payload: {"identity":"f261c0e5-d7b0-49fd-a957-5aa449058f12","cardExpiryDate":{"month":"01","year":"2029"},"cvc":"111","cardNumber":"4242 4242 4242 4242"}
[07-Jun-2024 17:50:45 UTC] API Response: {"errorName":"bodyDoesNotMatchSchema","message":"The json body provided does not match the expected schema","validationErrors":[{"errorName":"fieldHasInvalidValue","message":"Card number must be numeric","jsonPath":"$.cardNumber"}]}
[07-Jun-2024 17:52:12 UTC] Payload: {"identity":"f261c0e5-d7b0-49fd-a957-5aa449058f12","cardExpiryDate":{"month":"01","year":"2029"},"cvc":"111","cardNumber":"4242424242424242"}
[07-Jun-2024 17:52:13 UTC] API Response: {"_links":{"sessions:session":{"href":"https://try.access.worldpay.com/sessions/eyJrIjoxLCJkIjoiTy9wb25kM1pGMWpza1hUalVvRUkzMGRYY1pNQWtpbkZ1RTdYczhVTmd4WEVhcEdUdndRMHcvdkRzSkdQVWx6VCJ9"},"curies":[{"href":"https://try.access.worldpay.com//rels/sessions/{rel}.json","name":"sessions","templated":true}]}}
[07-Jun-2024 17:53:33 UTC] Payload: {"identity":"f261c0e5-d7b0-49fd-a957-5aa449058f12","cardExpiryDate":{"month":"01","year":"2029"},"cvc":"111","cardNumber":"4242424242424242"}
[07-Jun-2024 17:53:35 UTC] API Response: {"_links":{"sessions:session":{"href":"https://try.access.worldpay.com/sessions/eyJrIjoxLCJkIjoiSFVreDgzUlBmV1NwY2tQelUwWXBqbEhlK2dkOWhWRXNwbU40VzJoOVpKMSt0enhMWUMxVkpXaUlUdFZjemdYUSJ9"},"curies":[{"href":"https://try.access.worldpay.com//rels/sessions/{rel}.json","name":"sessions","templated":true}]}}
[07-Jun-2024 18:21:23 UTC] Payload: {"identity":"f261c0e5-d7b0-49fd-a957-5aa449058f12","cardExpiryDate":{"month":"01","year":"2029"},"cvc":"111","cardNumber":"4242424242424242"}
[07-Jun-2024 18:21:24 UTC] API Response: {"_links":{"sessions:session":{"href":"https://try.access.worldpay.com/sessions/eyJrIjoxLCJkIjoiNXN6aDhNVHg4SGVxODR1NVVZU1hJaHVGT2FNUFZxaWcySzlXbks0VGFZOHhQNm9BWWVTNDhPSTA3b0U2Y0UyUyJ9"},"curies":[{"href":"https://try.access.worldpay.com//rels/sessions/{rel}.json","name":"sessions","templated":true}]}}
[07-Jun-2024 18:23:46 UTC] Payload: {"identity":"f261c0e5-d7b0-49fd-a957-5aa449058f12","cardExpiryDate":{"month":"01","year":"2029"},"cvc":"111","cardNumber":"4242424242424242"}
[07-Jun-2024 18:23:47 UTC] API Response: {"_links":{"sessions:session":{"href":"https://try.access.worldpay.com/sessions/eyJrIjoxLCJkIjoiZm9lK0lWMkllNFN1VGZHQmtvdWRFVC9XSUlaSjBSN3NYQlU0S01WOUpJaER4WHJSVVpiQUc0K0R2U1Rrd2MybCJ9"},"curies":[{"href":"https://try.access.worldpay.com//rels/sessions/{rel}.json","name":"sessions","templated":true}]}}
